Arguments: 
  D:\node.exe C:\Users\windows 10\AppData\Roaming\npm\node_modules\yarn\bin\yarn.js parcel src/index.html

PATH: 
  C:\Python310\Scripts\;C:\Python310\;C:\Windows\system32;C:\Windows;C:\Windows\System32\Wbem;C:\Windows\System32\WindowsPowerShell\v1.0\;C:\Windows\System32\OpenSSH\;C:\Program Files\dotnet\;C:\Program Files (x86)\dotnet\;C:\ProgramData\UNIVALI\Portugol Studio;D:\Git\cmd;D:\;C:\ProgramData\chocolatey\bin;C:\MinGW\mingw32\bin;C:\MinGW\bin;D:\java\zulu18.30.11-ca-jdk18.0.1-win_x64;D:\java\zulu11.54.25-ca-jdk11.0.14.1-win_x64\bin;C:\Users\windows 10\AppData\Local\Microsoft\WindowsApps;C:\Users\windows 10\AppData\Local\Programs\Microsoft VS Code\bin;C:\Users\windows 10\.dotnet\tools;D:\java\IntelliJ IDEA Community Edition 2021.3.2\bin;C:\Users\windows 10\AppData\Roaming\npm

Yarn version: 
  1.22.19

Node version: 
  16.15.0

Platform: 
  win32 x64

Trace: 
  SyntaxError: D:\Bootcamp Santander\Typescript\Parcel\package.json: Unexpected end of JSON input
      at JSON.parse (<anonymous>)
      at C:\Users\windows 10\AppData\Roaming\npm\node_modules\yarn\lib\cli.js:1629:59
      at Generator.next (<anonymous>)
      at step (C:\Users\windows 10\AppData\Roaming\npm\node_modules\yarn\lib\cli.js:310:30)
      at C:\Users\windows 10\AppData\Roaming\npm\node_modules\yarn\lib\cli.js:321:13

npm manifest: 
  

yarn manifest: 
  No manifest

Lockfile: 
  No lockfile
